2013/04/10 09:45 メール送信 pinewell.no-ip.com@docomo.ne.jp Low!!   取得日時: 2013/04/10 09:45:04  設定温度:0現在の温度:0
2013/04/10 09:50  送信済み (前回送信日時 2013/04/10 09:45
2013/04/10 09:55  送信済み (前回送信日時 2013/04/10 09:45
2013/04/10 10:00  送信済み (前回送信日時 2013/04/10 09:45
2013/04/10 12:50 メール送信 pinewell.no-ip.com@docomo.ne.jp Low!!   取得日時: 2013/04/10 12:50:04  設定温度:0現在の温度:0
2013/04/10 12:55  送信済み (前回送信日時 2013/04/10 12:50
2013/04/10 13:00  送信済み (前回送信日時 2013/04/10 12:50
2013/04/10 13:05  送信済み (前回送信日時 2013/04/10 12:50
2013/04/13 20:15 メール送信 pinewell.no-ip.com@docomo.ne.jp Low!!   取得日時: 2013/04/13 20:15:04  設定温度:3現在の温度:0
2013/04/13 20:20  送信済み (前回送信日時 2013/04/13 20:15
2013/04/13 20:25  送信済み (前回送信日時 2013/04/13 20:15
2013/04/13 20:30  送信済み (前回送信日時 2013/04/13 20:15
2013/04/18 09:05 メール送信 pinewell.no-ip.com@docomo.ne.jp Low!!   取得日時: 2013/04/18 09:05:04  設定温度:0現在の温度:0
2013/04/18 09:10  送信済み (前回送信日時 2013/04/18 09:05
2013/04/18 09:15  送信済み (前回送信日時 2013/04/18 09:05
2013/04/18 09:20  送信済み (前回送信日時 2013/04/18 09:05
2013/04/19 16:35 メール送信 pinewell.no-ip.com@docomo.ne.jp Low!!   取得日時: 2013/04/19 16:35:03  設定温度:12現在の温度:3
2013/04/19 16:40  送信済み (前回送信日時 2013/04/19 16:35
2013/04/19 16:45  送信済み (前回送信日時 2013/04/19 16:35
2013/04/19 16:50  送信済み (前回送信日時 2013/04/19 16:35
2013/04/20 19:35 メール送信 pinewell.no-ip.com@docomo.ne.jp Low!!   取得日時: 2013/04/20 19:35:04  設定温度:4現在の温度:3
2013/04/20 19:40  送信済み (前回送信日時 2013/04/20 19:35
2013/04/20 19:45  送信済み (前回送信日時 2013/04/20 19:35
2013/04/20 19:50  送信済み (前回送信日時 2013/04/20 19:35
2013/04/22 09:20 メール送信 pinewell.no-ip.com@docomo.ne.jp Low!!   取得日時: 2013/04/22 09:20:05  設定温度:0現在の温度:-127
2013/04/22 11:23 メール送信 t-taka2011rabbit@docomo.ne.jp High!!   取得日時: 2013/04/22 11:23:53  設定温度:20現在の温度:26.5
2013/04/22 11:25  送信済み (前回送信日時 2013/04/22 11:23
2013/04/22 11:30  送信済み (前回送信日時 2013/04/22 11:23
2013/04/22 11:35  送信済み (前回送信日時 2013/04/22 11:23
2013/04/22 11:40  送信済み (前回送信日時 2013/04/22 11:23
2013/04/22 15:05 メール送信 t-taka2011rabbit@docomo.ne.jp Low!!   取得日時: 2013/04/22 15:05:05  設定温度:15現在の温度:13.5
2013/04/22 15:10  送信済み (前回送信日時 2013/04/22 15:05
2013/04/22 15:15  送信済み (前回送信日時 2013/04/22 15:05
2013/04/22 15:20  送信済み (前回送信日時 2013/04/22 15:05
2013/04/22 15:25  送信済み (前回送信日時 2013/04/22 15:05
2013/04/22 15:30 メール送信 t-taka2011rabbit@docomo.ne.jp Low!!   取得日時: 2013/04/22 15:30:04  設定温度:15現在の温度:14
2013/04/22 15:35  送信済み (前回送信日時 2013/04/22 15:30
2013/04/22 15:40  送信済み (前回送信日時 2013/04/22 15:30
2013/04/22 15:45  送信済み (前回送信日時 2013/04/22 15:30
2013/04/22 15:50  送信済み (前回送信日時 2013/04/22 15:30
2013/04/22 17:30 メール送信 t-taka2011rabbit@docomo.ne.jp Low!!   取得日時: 2013/04/22 17:30:04  設定温度:10現在の温度:10
2013/04/22 17:35  送信済み (前回送信日時 2013/04/22 17:30
2013/04/22 17:40  送信済み (前回送信日時 2013/04/22 17:30
2013/04/22 17:45  送信済み (前回送信日時 2013/04/22 17:30
2013/04/22 17:50  送信済み (前回送信日時 2013/04/22 17:30
2013/04/22 17:55 メール送信 t-taka2011rabbit@docomo.ne.jp Low!!   取得日時: 2013/04/22 17:55:05  設定温度:10現在の温度:8.5
2013/04/22 18:00  送信済み (前回送信日時 2013/04/22 17:55
2013/04/22 18:05  送信済み (前回送信日時 2013/04/22 17:55
2013/04/22 18:10  送信済み (前回送信日時 2013/04/22 17:55
2013/04/22 18:15  送信済み (前回送信日時 2013/04/22 17:55
2013/04/22 18:20 メール送信 t-taka2011rabbit@docomo.ne.jp Low!!   取得日時: 2013/04/22 18:20:05  設定温度:6現在の温度:5.5
2013/04/22 18:25  送信済み (前回送信日時 2013/04/22 18:20
2013/04/22 18:30  送信済み (前回送信日時 2013/04/22 18:20
2013/04/22 18:35  送信済み (前回送信日時 2013/04/22 18:20
2013/04/22 18:40  送信済み (前回送信日時 2013/04/22 18:20
2013/04/22 18:45 メール送信 t-taka2011rabbit@docomo.ne.jp Low!!   取得日時: 2013/04/22 18:45:04  設定温度:6現在の温度:4
2013/04/22 18:50  送信済み (前回送信日時 2013/04/22 18:45
2013/04/22 18:55  送信済み (前回送信日時 2013/04/22 18:45
2013/04/22 19:00  送信済み (前回送信日時 2013/04/22 18:45
2013/04/22 19:05 メール送信 t-taka2011rabbit@docomo.ne.jp Low!!   取得日時: 2013/04/22 19:05:05  設定温度:4現在の温度:3.5
2013/04/22 19:10  送信済み (前回送信日時 2013/04/22 19:05
2013/04/22 19:15  送信済み (前回送信日時 2013/04/22 19:05
2013/04/22 19:20  送信済み (前回送信日時 2013/04/22 19:05
2013/04/22 19:25  送信済み (前回送信日時 2013/04/22 19:05
2013/04/22 19:30 メール送信 t-taka2011rabbit@docomo.ne.jp Low!!   取得日時: 2013/04/22 19:30:05  設定温度:4現在の温度:2.5
2013/04/22 19:35  送信済み (前回送信日時 2013/04/22 19:30
2013/04/22 19:40  送信済み (前回送信日時 2013/04/22 19:30
2013/04/22 19:45  送信済み (前回送信日時 2013/04/22 19:30
2013/04/22 19:50  送信済み (前回送信日時 2013/04/22 19:30
2013/04/22 19:55 メール送信 t-taka2011rabbit@docomo.ne.jp Low!!   取得日時: 2013/04/22 19:55:04  設定温度:4現在の温度:1.5
2013/04/22 20:00  送信済み (前回送信日時 2013/04/22 19:55
2013/04/22 20:05  送信済み (前回送信日時 2013/04/22 19:55
2013/04/22 20:10  送信済み (前回送信日時 2013/04/22 19:55
2013/04/22 20:15  送信済み (前回送信日時 2013/04/22 19:55
2013/04/22 20:20 メール送信 t-taka2011rabbit@docomo.ne.jp Low!!   取得日時: 2013/04/22 20:20:04  設定温度:3現在の温度:1.5
2013/04/22 20:25  送信済み (前回送信日時 2013/04/22 20:20
2013/04/22 20:30  送信済み (前回送信日時 2013/04/22 20:20
2013/04/22 20:35  送信済み (前回送信日時 2013/04/22 20:20
2013/04/22 20:40 メール送信 t-taka2011rabbit@docomo.ne.jp Low!!   取得日時: 2013/04/22 20:40:05  設定温度:3現在の温度:1
2013/04/22 20:45  送信済み (前回送信日時 2013/04/22 20:40
2013/04/22 20:50  送信済み (前回送信日時 2013/04/22 20:40
2013/04/22 20:55  送信済み (前回送信日時 2013/04/22 20:40
2013/04/22 21:15 メール送信 t-taka2011rabbit@docomo.ne.jp Low!!   取得日時: 2013/04/22 21:15:05  設定温度:2現在の温度:1.5
2013/04/22 21:20  送信済み (前回送信日時 2013/04/22 21:15
2013/04/22 21:25  送信済み (前回送信日時 2013/04/22 21:15
2013/04/22 21:30  送信済み (前回送信日時 2013/04/22 21:15
2013/04/22 21:35 メール送信 t-taka2011rabbit@docomo.ne.jp Low!!   取得日時: 2013/04/22 21:35:06  設定温度:2現在の温度:1.5
2013/04/22 21:40  送信済み (前回送信日時 2013/04/22 21:35
2013/04/22 21:45  送信済み (前回送信日時 2013/04/22 21:35
2013/04/22 21:50  送信済み (前回送信日時 2013/04/22 21:35
2013/04/22 21:55  送信済み (前回送信日時 2013/04/22 21:35
2013/04/23 09:10 メール送信 t-taka2011rabbit@docomo.ne.jp Low!!   取得日時: 2013/04/23 09:10:04  設定温度:0現在の温度:0
2013/04/23 09:15  送信済み (前回送信日時 2013/04/23 09:10
2013/04/23 09:20  送信済み (前回送信日時 2013/04/23 09:10
2013/04/23 09:25  送信済み (前回送信日時 2013/04/23 09:10
2013/04/23 15:50 メール送信 t-taka2011rabbit@docomo.ne.jp Low!!   取得日時: 2013/04/23 15:50:04  設定温度:15現在の温度:0
2013/04/23 15:55  送信済み (前回送信日時 2013/04/23 15:50
2013/04/23 16:00  送信済み (前回送信日時 2013/04/23 15:50
2013/04/23 16:05  送信済み (前回送信日時 2013/04/23 15:50
2013/04/23 17:55 メール送信 t-taka2011rabbit@docomo.ne.jp Low!!   取得日時: 2013/04/23 17:55:04  設定温度:10現在の温度:10
2013/04/23 18:00  送信済み (前回送信日時 2013/04/23 17:55
2013/04/23 18:05  送信済み (前回送信日時 2013/04/23 17:55
2013/04/23 18:10  送信済み (前回送信日時 2013/04/23 17:55
2013/04/23 18:15  送信済み (前回送信日時 2013/04/23 17:55
2013/04/23 18:25 メール送信 t-taka2011rabbit@docomo.ne.jp Low!!   取得日時: 2013/04/23 18:25:04  設定温度:6現在の温度:6
2013/04/23 18:30  送信済み (前回送信日時 2013/04/23 18:25
2013/04/23 18:35  送信済み (前回送信日時 2013/04/23 18:25
2013/04/23 18:40  送信済み (前回送信日時 2013/04/23 18:25
2013/04/23 18:45 メール送信 t-taka2011rabbit@docomo.ne.jp Low!!   取得日時: 2013/04/23 18:45:05  設定温度:6現在の温度:6
2013/04/23 18:50  送信済み (前回送信日時 2013/04/23 18:45
2013/04/23 18:55  送信済み (前回送信日時 2013/04/23 18:45
2013/04/23 19:00  送信済み (前回送信日時 2013/04/23 18:45
2013/04/23 19:05  送信済み (前回送信日時 2013/04/23 18:45
2013/04/23 19:40 メール送信 t-taka2011rabbit@docomo.ne.jp Low!!   取得日時: 2013/04/23 19:40:05  設定温度:4現在の温度:4
2013/04/23 19:45  送信済み (前回送信日時 2013/04/23 19:40
2013/04/23 19:50  送信済み (前回送信日時 2013/04/23 19:40
2013/04/23 19:55  送信済み (前回送信日時 2013/04/23 19:40
2013/04/23 20:20 メール送信 t-taka2011rabbit@docomo.ne.jp Low!!   取得日時: 2013/04/23 20:20:05  設定温度:3現在の温度:3
2013/04/23 20:25  送信済み (前回送信日時 2013/04/23 20:20
2013/04/23 20:30  送信済み (前回送信日時 2013/04/23 20:20
2013/04/23 20:35  送信済み (前回送信日時 2013/04/23 20:20
2013/04/23 20:40  送信済み (前回送信日時 2013/04/23 20:20
2013/04/23 20:45 メール送信 t-taka2011rabbit@docomo.ne.jp Low!!   取得日時: 2013/04/23 20:45:05  設定温度:3現在の温度:3
2013/04/23 20:50  送信済み (前回送信日時 2013/04/23 20:45
2013/04/23 20:55  送信済み (前回送信日時 2013/04/23 20:45
2013/04/23 21:00  送信済み (前回送信日時 2013/04/23 20:45
2013/04/23 21:05  送信済み (前回送信日時 2013/04/23 20:45
2013/04/23 21:15 メール送信 t-taka2011rabbit@docomo.ne.jp Low!!   取得日時: 2013/04/23 21:15:04  設定温度:2現在の温度:2
2013/04/23 21:20  送信済み (前回送信日時 2013/04/23 21:15
2013/04/23 21:25  送信済み (前回送信日時 2013/04/23 21:15
2013/04/23 21:30  送信済み (前回送信日時 2013/04/23 21:15
2013/04/23 21:35  送信済み (前回送信日時 2013/04/23 21:15
2013/04/23 21:40 メール送信 t-taka2011rabbit@docomo.ne.jp Low!!   取得日時: 2013/04/23 21:40:04  設定温度:2現在の温度:2
2013/04/23 21:45  送信済み (前回送信日時 2013/04/23 21:40
2013/04/23 21:50  送信済み (前回送信日時 2013/04/23 21:40
2013/04/23 21:55  送信済み (前回送信日時 2013/04/23 21:40
2013/04/24 00:45 メール送信 t-taka2011rabbit@docomo.ne.jp High!!   取得日時: 2013/04/24 00:45:04  設定温度:40現在の温度:50
2013/04/24 00:50  送信済み (前回送信日時 2013/04/24 00:45
2013/04/24 00:55  送信済み (前回送信日時 2013/04/24 00:45
2013/04/24 01:00  送信済み (前回送信日時 2013/04/24 00:45
2013/04/24 15:00 メール送信 t-taka2011rabbit@docomo.ne.jp Low!!   取得日時: 2013/04/24 15:00:06  設定温度:15現在の温度:13.5
2013/04/24 15:05  送信済み (前回送信日時 2013/04/24 15:00
2013/04/24 15:10  送信済み (前回送信日時 2013/04/24 15:00
2013/04/24 15:15  送信済み (前回送信日時 2013/04/24 15:00
2013/04/24 15:20  送信済み (前回送信日時 2013/04/24 15:00
2013/04/24 15:25 メール送信 t-taka2011rabbit@docomo.ne.jp Low!!   取得日時: 2013/04/24 15:25:05  設定温度:15現在の温度:13.5
2013/04/24 15:30  送信済み (前回送信日時 2013/04/24 15:25
2013/04/24 15:35  送信済み (前回送信日時 2013/04/24 15:25
2013/04/24 15:40  送信済み (前回送信日時 2013/04/24 15:25
2013/04/24 15:45  送信済み (前回送信日時 2013/04/24 15:25
2013/04/24 15:50 メール送信 t-taka2011rabbit@docomo.ne.jp Low!!   取得日時: 2013/04/24 15:50:04  設定温度:15現在の温度:13.5
2013/04/24 15:55  送信済み (前回送信日時 2013/04/24 15:50
2013/04/24 16:00  送信済み (前回送信日時 2013/04/24 15:50
2013/04/24 16:05  送信済み (前回送信日時 2013/04/24 15:50
2013/04/24 16:50 メール送信 t-taka2011rabbit@docomo.ne.jp Low!!   取得日時: 2013/04/24 16:50:05  設定温度:12現在の温度:12
2013/04/24 16:55  送信済み (前回送信日時 2013/04/24 16:50
2013/04/24 17:00  送信済み (前回送信日時 2013/04/24 16:50
2013/04/24 17:05  送信済み (前回送信日時 2013/04/24 16:50
2013/04/26 07:55 メール送信 t-taka2011rabbit@docomo.ne.jp Low!!   取得日時: 2013/04/26 07:55:04  設定温度:0現在の温度:0
2013/04/26 08:00  送信済み (前回送信日時 2013/04/26 07:55
2013/04/26 08:05  送信済み (前回送信日時 2013/04/26 07:55
2013/04/26 08:10  送信済み (前回送信日時 2013/04/26 07:55
2013/04/26 15:20 メール送信 t-taka2011rabbit@docomo.ne.jp Low!!   取得日時: 2013/04/26 15:20:05  設定温度:15現在の温度:15
2013/04/26 15:25  送信済み (前回送信日時 2013/04/26 15:20
2013/04/26 15:30  送信済み (前回送信日時 2013/04/26 15:20
2013/04/26 15:35  送信済み (前回送信日時 2013/04/26 15:20
2013/04/26 15:40  送信済み (前回送信日時 2013/04/26 15:20
2013/04/26 15:45 メール送信 t-taka2011rabbit@docomo.ne.jp Low!!   取得日時: 2013/04/26 15:45:04  設定温度:15現在の温度:14
2013/04/26 15:50  送信済み (前回送信日時 2013/04/26 15:45
2013/04/26 15:55  送信済み (前回送信日時 2013/04/26 15:45
2013/04/26 16:00  送信済み (前回送信日時 2013/04/26 15:45
2013/04/26 16:05  送信済み (前回送信日時 2013/04/26 15:45
2013/04/26 16:25 メール送信 t-taka2011rabbit@docomo.ne.jp Low!!   取得日時: 2013/04/26 16:25:04  設定温度:12現在の温度:12
2013/04/26 16:30  送信済み (前回送信日時 2013/04/26 16:25
2013/04/26 16:35  送信済み (前回送信日時 2013/04/26 16:25
2013/04/26 16:40  送信済み (前回送信日時 2013/04/26 16:25
2013/04/26 16:45  送信済み (前回送信日時 2013/04/26 16:25
2013/04/26 16:50 メール送信 t-taka2011rabbit@docomo.ne.jp Low!!   取得日時: 2013/04/26 16:50:05  設定温度:12現在の温度:11
2013/04/26 16:55  送信済み (前回送信日時 2013/04/26 16:50
2013/04/26 17:00  送信済み (前回送信日時 2013/04/26 16:50
2013/04/26 17:05  送信済み (前回送信日時 2013/04/26 16:50
2013/04/26 17:10  送信済み (前回送信日時 2013/04/26 16:50
2013/04/26 17:35 メール送信 t-taka2011rabbit@docomo.ne.jp Low!!   取得日時: 2013/04/26 17:35:05  設定温度:10現在の温度:10
2013/04/26 17:40  送信済み (前回送信日時 2013/04/26 17:35
2013/04/26 17:45  送信済み (前回送信日時 2013/04/26 17:35
2013/04/26 17:50  送信済み (前回送信日時 2013/04/26 17:35
2013/04/26 17:55  送信済み (前回送信日時 2013/04/26 17:35
2013/04/27 15:00 メール送信 t-taka2011rabbit@docomo.ne.jp Low!!   取得日時: 2013/04/27 15:00:08  設定温度:15現在の温度:2.5
2013/04/27 15:05  送信済み (前回送信日時 2013/04/27 15:00
2013/04/27 15:10  送信済み (前回送信日時 2013/04/27 15:00
2013/04/27 15:15  送信済み (前回送信日時 2013/04/27 15:00
2013/04/27 15:20  送信済み (前回送信日時 2013/04/27 15:00
2013/04/27 15:25 メール送信 t-taka2011rabbit@docomo.ne.jp Low!!   取得日時: 2013/04/27 15:25:05  設定温度:15現在の温度:2.5
2013/04/27 15:30  送信済み (前回送信日時 2013/04/27 15:25
2013/04/27 15:35  送信済み (前回送信日時 2013/04/27 15:25
2013/04/27 15:40  送信済み (前回送信日時 2013/04/27 15:25
2013/04/27 15:45  送信済み (前回送信日時 2013/04/27 15:25
2013/04/27 15:50 メール送信 t-taka2011rabbit@docomo.ne.jp Low!!   取得日時: 2013/04/27 15:50:05  設定温度:15現在の温度:2.5
2013/04/27 15:55  送信済み (前回送信日時 2013/04/27 15:50
2013/04/27 16:00  送信済み (前回送信日時 2013/04/27 15:50
2013/04/27 16:05  送信済み (前回送信日時 2013/04/27 15:50
2013/04/27 16:10  送信済み (前回送信日時 2013/04/27 15:50
2013/04/27 16:15 メール送信 t-taka2011rabbit@docomo.ne.jp Low!!   取得日時: 2013/04/27 16:15:05  設定温度:12現在の温度:2
2013/04/27 16:20  送信済み (前回送信日時 2013/04/27 16:15
2013/04/27 16:25  送信済み (前回送信日時 2013/04/27 16:15
2013/04/27 16:30  送信済み (前回送信日時 2013/04/27 16:15
2013/04/27 16:35  送信済み (前回送信日時 2013/04/27 16:15
2013/04/27 16:40 メール送信 t-taka2011rabbit@docomo.ne.jp Low!!   取得日時: 2013/04/27 16:40:05  設定温度:12現在の温度:2
2013/04/27 16:45  送信済み (前回送信日時 2013/04/27 16:40
2013/04/27 16:50  送信済み (前回送信日時 2013/04/27 16:40
2013/04/27 16:55  送信済み (前回送信日時 2013/04/27 16:40
2013/04/27 17:00 メール送信 t-taka2011rabbit@docomo.ne.jp Low!!   取得日時: 2013/04/27 17:00:07  設定温度:10現在の温度:2
2013/04/27 17:05  送信済み (前回送信日時 2013/04/27 17:00
2013/04/27 17:10  送信済み (前回送信日時 2013/04/27 17:00
2013/04/27 17:15  送信済み (前回送信日時 2013/04/27 17:00
2013/04/27 17:20  送信済み (前回送信日時 2013/04/27 17:00
2013/04/27 17:25 メール送信 t-taka2011rabbit@docomo.ne.jp Low!!   取得日時: 2013/04/27 17:25:04  設定温度:10現在の温度:2
2013/04/27 17:30  送信済み (前回送信日時 2013/04/27 17:25
2013/04/27 17:35  送信済み (前回送信日時 2013/04/27 17:25
2013/04/27 17:40  送信済み (前回送信日時 2013/04/27 17:25
2013/04/27 17:45 メール送信 t-taka2011rabbit@docomo.ne.jp Low!!   取得日時: 2013/04/27 17:45:05  設定温度:10現在の温度:1.5
2013/04/27 17:50  送信済み (前回送信日時 2013/04/27 17:45
2013/04/27 17:55  送信済み (前回送信日時 2013/04/27 17:45
2013/04/27 18:00  送信済み (前回送信日時 2013/04/27 17:45
2013/04/27 18:05  送信済み (前回送信日時 2013/04/27 17:45
2013/04/27 18:10 メール送信 t-taka2011rabbit@docomo.ne.jp Low!!   取得日時: 2013/04/27 18:10:05  設定温度:6現在の温度:1.5
2013/04/27 18:15  送信済み (前回送信日時 2013/04/27 18:10
2013/04/27 18:20  送信済み (前回送信日時 2013/04/27 18:10
2013/04/27 18:25  送信済み (前回送信日時 2013/04/27 18:10
2013/04/27 18:30  送信済み (前回送信日時 2013/04/27 18:10
2013/04/27 18:35 メール送信 t-taka2011rabbit@docomo.ne.jp Low!!   取得日時: 2013/04/27 18:35:05  設定温度:6現在の温度:1.5
2013/04/27 18:40  送信済み (前回送信日時 2013/04/27 18:35
2013/04/27 18:45  送信済み (前回送信日時 2013/04/27 18:35
2013/04/27 18:50  送信済み (前回送信日時 2013/04/27 18:35
2013/04/27 18:55  送信済み (前回送信日時 2013/04/27 18:35
2013/04/27 19:00 メール送信 t-taka2011rabbit@docomo.ne.jp Low!!   取得日時: 2013/04/27 19:00:07  設定温度:4現在の温度:1.5
2013/04/27 19:05  送信済み (前回送信日時 2013/04/27 19:00
2013/04/27 19:10  送信済み (前回送信日時 2013/04/27 19:00
2013/04/27 19:15  送信済み (前回送信日時 2013/04/27 19:00
2013/04/27 19:20  送信済み (前回送信日時 2013/04/27 19:00
2013/04/27 19:25 メール送信 t-taka2011rabbit@docomo.ne.jp Low!!   取得日時: 2013/04/27 19:25:05  設定温度:4現在の温度:1.5
2013/04/27 19:30  送信済み (前回送信日時 2013/04/27 19:25
2013/04/27 19:35  送信済み (前回送信日時 2013/04/27 19:25
2013/04/27 19:40  送信済み (前回送信日時 2013/04/27 19:25
2013/04/27 19:45  送信済み (前回送信日時 2013/04/27 19:25
2013/04/27 19:50 メール送信 t-taka2011rabbit@docomo.ne.jp Low!!   取得日時: 2013/04/27 19:50:05  設定温度:4現在の温度:1.5
2013/04/27 19:55  送信済み (前回送信日時 2013/04/27 19:50
2013/04/27 20:00  送信済み (前回送信日時 2013/04/27 19:50
2013/04/27 20:05  送信済み (前回送信日時 2013/04/27 19:50
2013/04/27 20:10 メール送信 t-taka2011rabbit@docomo.ne.jp Low!!   取得日時: 2013/04/27 20:10:05  設定温度:3現在の温度:1.5
2013/04/27 20:15  送信済み (前回送信日時 2013/04/27 20:10
2013/04/27 20:20  送信済み (前回送信日時 2013/04/27 20:10
2013/04/27 20:25  送信済み (前回送信日時 2013/04/27 20:10
2013/04/27 20:30  送信済み (前回送信日時 2013/04/27 20:10
2013/04/27 20:35 メール送信 t-taka2011rabbit@docomo.ne.jp Low!!   取得日時: 2013/04/27 20:35:03  設定温度:3現在の温度:1.5
2013/04/27 20:40  送信済み (前回送信日時 2013/04/27 20:35
2013/04/27 20:45  送信済み (前回送信日時 2013/04/27 20:35
2013/04/27 20:50  送信済み (前回送信日時 2013/04/27 20:35
2013/04/27 20:55 メール送信 t-taka2011rabbit@docomo.ne.jp Low!!   取得日時: 2013/04/27 20:55:04  設定温度:3現在の温度:1.5
2013/04/27 21:00  送信済み (前回送信日時 2013/04/27 20:55
2013/04/27 21:05  送信済み (前回送信日時 2013/04/27 20:55
2013/04/27 21:10  送信済み (前回送信日時 2013/04/27 20:55
2013/04/27 21:15  送信済み (前回送信日時 2013/04/27 20:55
2013/04/27 21:20 メール送信 t-taka2011rabbit@docomo.ne.jp Low!!   取得日時: 2013/04/27 21:20:04  設定温度:2現在の温度:1.5
2013/04/27 21:25  送信済み (前回送信日時 2013/04/27 21:20
2013/04/27 21:30  送信済み (前回送信日時 2013/04/27 21:20
2013/04/27 21:35  送信済み (前回送信日時 2013/04/27 21:20
2013/04/27 21:40 メール送信 t-taka2011rabbit@docomo.ne.jp Low!!   取得日時: 2013/04/27 21:40:05  設定温度:2現在の温度:1.5
2013/04/27 21:45  送信済み (前回送信日時 2013/04/27 21:40
2013/04/27 21:50  送信済み (前回送信日時 2013/04/27 21:40
2013/04/27 21:55  送信済み (前回送信日時 2013/04/27 21:40
